2024-05-09 14:51:10 - com.eden.EmphtmlApplication - INFO - Starting EmphtmlApplication using Java 17.0.10 with PID 24528 (C:\KuGou\eclipaeAA\workspace202404\emphtml\target\classes started by Qq145 in C:\KuGou\eclipaeAA\workspace202404\emphtml)
2024-05-09 14:51:10 - com.eden.EmphtmlApplication - INFO - Starting EmphtmlApplication using Java 17.0.10 with PID 24528 (C:\KuGou\eclipaeAA\workspace202404\emphtml\target\classes started by Qq145 in C:\KuGou\eclipaeAA\workspace202404\emphtml)
2024-05-09 14:51:10 - com.eden.EmphtmlApplication - DEBUG - Running with Spring Boot v3.2.5, Spring v6.1.6
2024-05-09 14:51:10 - com.eden.EmphtmlApplication - DEBUG - Running with Spring Boot v3.2.5, Spring v6.1.6
2024-05-09 14:51:10 - com.eden.EmphtmlApplication - INFO - No active profile set, falling back to 1 default profile: "default"
2024-05-09 14:51:10 - com.eden.EmphtmlApplication - INFO - No active profile set, falling back to 1 default profile: "default"
2024-05-09 14:51:10 - o.s.b.w.e.tomcat.TomcatWebServer - INFO - Tomcat initialized with port 20252 (http)
2024-05-09 14:51:10 - o.a.coyote.http11.Http11NioProtocol - INFO - Initializing ProtocolHandler ["http-nio-20252"]
2024-05-09 14:51:10 - o.a.catalina.core.StandardService - INFO - Starting service [Tomcat]
2024-05-09 14:51:10 - o.a.catalina.core.StandardEngine - INFO - Starting Servlet engine: [Apache Tomcat/10.1.20]
2024-05-09 14:51:10 - o.a.c.c.C.[.[.[/empthymeleaf] - INFO - Initializing Spring embedded WebApplicationContext
2024-05-09 14:51:10 - o.s.b.w.s.c.ServletWebServerApplicationContext - INFO - Root WebApplicationContext: initialization completed in 838 ms
2024-05-09 14:51:11 - o.a.coyote.http11.Http11NioProtocol - INFO - Starting ProtocolHandler ["http-nio-20252"]
2024-05-09 14:51:11 - o.s.b.w.e.tomcat.TomcatWebServer - INFO - Tomcat started on port 20252 (http) with context path '/empthymeleaf'
2024-05-09 14:51:11 - com.eden.EmphtmlApplication - INFO - Started EmphtmlApplication in 1.734 seconds (process running for 2.363)
2024-05-09 14:51:11 - com.eden.EmphtmlApplication - INFO - Started EmphtmlApplication in 1.734 seconds (process running for 2.363)
2024-05-09 14:51:58 - o.a.c.c.C.[.[.[/empthymeleaf] - INFO - Initializing Spring DispatcherServlet 'dispatcherServlet'
2024-05-09 14:51:58 - o.s.web.servlet.DispatcherServlet - INFO - Initializing Servlet 'dispatcherServlet'
2024-05-09 14:51:58 - o.s.web.servlet.DispatcherServlet - INFO - Completed initialization in 0 ms
2024-05-09 14:52:25 - com.eden.controller.UserController - INFO - ユーザー名:tom,名前:リ,パスワード:123,性別:true:xfl3
2024-05-09 14:52:25 - com.eden.controller.UserController - INFO - ユーザー名:tom,名前:リ,パスワード:123,性別:true:xfl3
2024-05-09 14:52:25 - com.zaxxer.hikari.HikariDataSource - INFO - HikariPool-1 - Starting...
2024-05-09 14:52:26 - com.zaxxer.hikari.pool.HikariPool - INFO - HikariPool-1 - Added connection com.mysql.cj.jdbc.ConnectionImpl@1c5bf97a
2024-05-09 14:52:26 - com.zaxxer.hikari.HikariDataSource - INFO - HikariPool-1 - Start completed.
2024-05-09 14:52:26 - com.eden.dao.UserDao.findByUserName - DEBUG - ==>  Preparing: select id,username,realname,password,gender from user where username=?
2024-05-09 14:52:26 - com.eden.dao.UserDao.findByUserName - DEBUG - ==>  Preparing: select id,username,realname,password,gender from user where username=?
2024-05-09 14:52:26 - com.eden.dao.UserDao.findByUserName - DEBUG - ==> Parameters: tom(String)
2024-05-09 14:52:26 - com.eden.dao.UserDao.findByUserName - DEBUG - ==> Parameters: tom(String)
2024-05-09 14:52:26 - com.eden.dao.UserDao.findByUserName - DEBUG - <==      Total: 1
2024-05-09 14:52:26 - com.eden.dao.UserDao.findByUserName - DEBUG - <==      Total: 1
2024-05-09 14:53:40 - com.eden.controller.UserController - INFO - ユーザー名:matumoto,名前:松本,パスワード:123,性別:true:abcd
2024-05-09 14:53:40 - com.eden.controller.UserController - INFO - ユーザー名:matumoto,名前:松本,パスワード:123,性別:true:abcd
2024-05-09 14:54:29 - com.eden.controller.UserController - INFO - ユーザー名:tom33,名前:dff,パスワード:123,性別:true:tjyb
2024-05-09 14:54:29 - com.eden.controller.UserController - INFO - ユーザー名:tom33,名前:dff,パスワード:123,性別:true:tjyb
2024-05-09 14:54:29 - com.eden.dao.UserDao.findByUserName - DEBUG - ==>  Preparing: select id,username,realname,password,gender from user where username=?
2024-05-09 14:54:29 - com.eden.dao.UserDao.findByUserName - DEBUG - ==>  Preparing: select id,username,realname,password,gender from user where username=?
2024-05-09 14:54:29 - com.eden.dao.UserDao.findByUserName - DEBUG - ==> Parameters: tom33(String)
2024-05-09 14:54:29 - com.eden.dao.UserDao.findByUserName - DEBUG - ==> Parameters: tom33(String)
2024-05-09 14:54:29 - com.eden.dao.UserDao.findByUserName - DEBUG - <==      Total: 0
2024-05-09 14:54:29 - com.eden.dao.UserDao.findByUserName - DEBUG - <==      Total: 0
2024-05-09 14:54:29 - com.eden.dao.UserDao.save - DEBUG - ==>  Preparing: insert into user values(?,?,?,?,?)
2024-05-09 14:54:29 - com.eden.dao.UserDao.save - DEBUG - ==>  Preparing: insert into user values(?,?,?,?,?)
2024-05-09 14:54:29 - com.eden.dao.UserDao.save - DEBUG - ==> Parameters: null, tom33(String), dff(String), 202cb962ac59075b964b07152d234b70(String), true(Boolean)
2024-05-09 14:54:29 - com.eden.dao.UserDao.save - DEBUG - ==> Parameters: null, tom33(String), dff(String), 202cb962ac59075b964b07152d234b70(String), true(Boolean)
2024-05-09 14:54:29 - com.eden.dao.UserDao.save - DEBUG - <==    Updates: 1
2024-05-09 14:54:29 - com.eden.dao.UserDao.save - DEBUG - <==    Updates: 1
