#
# A fatal error has been detected by the Java Runtime Environment:
#
#  EXCEPTION_ACCESS_VIOLATION (0xc0000005) at pc=0x0000015869f41050, pid=23236, tid=3440
#
# JRE version: OpenJDK Runtime Environment Temurin-21.0.2+13 (21.0.2+13) (build 21.0.2+13-LTS)
# Java VM: OpenJDK 64-Bit Server VM Temurin-21.0.2+13 (21.0.2+13-LTS, mixed mode, emulated-client, sharing, tiered, compressed oops, compressed class ptrs, g1 gc, windows-amd64)
# Problematic frame:
# v  ~BufferBlob::MethodHandles adapters 0x0000015869f41050
#
# No core dump will be written. Minidumps are not enabled by default on client versions of Windows
#
# If you would like to submit a bug report, please visit:
#   https://github.com/adoptium/adoptium-support/issues
#

---------------  S U M M A R Y ------------

Command Line: -XX:+ShowCodeDetailsInExceptionMessages -agentlib:jdwp=transport=dt_socket,suspend=y,address=localhost:64904 -Dcom.sun.management.jmxremote -Dcom.sun.management.jmxremote.port=64903 -Dcom.sun.management.jmxremote.authenticate=false -Dcom.sun.management.jmxremote.ssl=false -Djava.rmi.server.hostname=localhost -Dspring.jmx.enabled=true -Dmanagement.endpoints.jmx.exposure.include=* -Dspring.application.admin.enabled=true -XX:TieredStopAtLevel=1 -Dspring.boot.project.name=SkyRealEstate -javaagent:C:\pleiades\2024-03\eclipse\configuration\org.eclipse.osgi\251\0\.cp\lib\javaagent-shaded.jar -Dfile.encoding=UTF-8 -Dstdout.encoding=UTF-8 -Dstderr.encoding=UTF-8 com.eden.SkyRealEstateApplication --spring.output.ansi.enabled=always

Host: AMD Ryzen 5 5600X 6-Core Processor             , 12 cores, 63G,  Windows 10 , 64 bit Build 19041 (10.0.19041.3636)
Time: Sun May 19 07:38:38 2024  Windows 10 , 64 bit Build 19041 (10.0.19041.3636) elapsed time: 37532.322971 seconds (0d 10h 25m 32s)

---------------  T H R E A D  ---------------

Current thread (0x00000158590fa1d0):  JavaThread "restartedMain"        [_thread_in_Java, id=3440, stack(0x0000000b4ab00000,0x0000000b4ac00000) (1024K)]

Stack: [0x0000000b4ab00000,0x0000000b4ac00000],  sp=0x0000000b4abfdae8,  free space=1014k
Native frames: (J=compiled Java code, j=interpreted, Vv=VM code, C=native code)
C  0x0000015869f41050

The last pc belongs to _linkToSpecial (printed below).

siginfo: EXCEPTION_ACCESS_VIOLATION (0xc0000005), reading address 0xffffffffffffffff


Registers:
RAX=0x0000015869f19086, RBX=0x80c724ed00000001, RCX=0x0000000b4abfdaf0, RDX=0x0000000000000002
RSP=0x0000000b4abfdae8, RBP=0x0000000b4abfdb38, RSI=0x00000158584970f8, RDI=0x0000015856ab7190
R8 =0x0000000000000004, R9 =0x0000000000000004, R10=0x00007ffc856a2ab0, R11=0x00000158100b6430
R12=0x0000000000000000, R13=0x0000000b4abfdae8, R14=0x0000000b4abfdb58, R15=0x00000158590fa1d0
RIP=0x0000015869f41050, EFLAGS=0x0000000000010202


Register to memory mapping:

RAX=0x0000015869f19086 is at code_begin+3078 in an Interpreter codelet
return entry points  [0x0000015869f18480, 0x0000015869f1a298]  7704 bytes
RBX=0x80c724ed00000001 is an unknown value
RCX=0x0000000b4abfdaf0 is pointing into the stack for thread: 0x00000158590fa1d0
RDX=0x0000000000000002 is an unknown value
RSP=0x0000000b4abfdae8 is pointing into the stack for thread: 0x00000158590fa1d0
RBP=0x0000000b4abfdb38 is pointing into the stack for thread: 0x00000158590fa1d0
RSI=0x00000158584970f8 points into unknown readable memory: 0x8000036702fcd92c | 2c d9 fc 02 67 03 00 80
RDI=0x0000015856ab7190 points into unknown readable memory: 0x0000001800000070 | 70 00 00 00 18 00 00 00
R8 =0x0000000000000004 is an unknown value
R9 =0x0000000000000004 is an unknown value
R10=0x00007ffc856a2ab0 jvm.dll
R11={method} {0x00000158100b6438} 'newInvokeSpecial' '(Ljava/lang/Object;)Ljava/lang/Object;' in 'java/lang/invoke/DirectMethodHandle$Holder'
R12=0x0 is null
R13=0x0000000b4abfdae8 is pointing into the stack for thread: 0x00000158590fa1d0
R14=0x0000000b4abfdb58 is pointing into the stack for thread: 0x00000158590fa1d0
R15=0x00000158590fa1d0 is a thread

Top of Stack: (sp=0x0000000b4abfdae8)
0x0000000b4abfdae8:   0000015869f19086 0000000b4abfdaf0
0x0000000b4abfdaf8:   000001581072d03f 0000000000000004
0x0000000b4abfdb08:   00000158100b18e8 00000004040531b0
0x0000000b4abfdb18:   0000000401018540 00000158100b6430
0x0000000b4abfdb28:   0000000b4abfdae8 0000000b4abfdb60
0x0000000b4abfdb38:   0000000b4abfeb90 000001586a2234cb
0x0000000b4abfdb48:   0000000406392670 0000000406392718
0x0000000b4abfdb58:   00000004063926d0 0000000406392480
0x0000000b4abfdb68:   0000000000000000 0000000b4abfeb90
0x0000000b4abfdb78:   000001586a88e28c 0000015858fcb508
0x0000000b4abfdb88:   000000000000000a 0000000000000000
0x0000000b4abfdb98:   0000000000000000 0000000000000000
0x0000000b4abfdba8:   00007ffc84e121b5 0000000000000000
0x0000000b4abfdbb8:   00007ffc84c47b51 0000000b4abfc4f0
0x0000000b4abfdbc8:   0000000b4abfc4f0 00000158590fa1d0
0x0000000b4abfdbd8:   0000000401018d08 00000004040531b0
0x0000000b4abfdbe8:   0000000406392348 0000000406392348
0x0000000b4abfdbf8:   0000000406392480 0000000406392700
0x0000000b4abfdc08:   00000004063924d8 00000004040531b0
0x0000000b4abfdc18:   0000000000000001 0000000b4abfeb90
0x0000000b4abfdc28:   0000015800000000 0000000000000000
0x0000000b4abfdc38:   0000000000000000 00000004063926d0
0x0000000b4abfdc48:   000001586a340bdc 0000000000000000
0x0000000b4abfdc58:   0000000000000000 0000000000000000
0x0000000b4abfdc68:   0000015858a3f400 00000158590fa1d0
0x0000000b4abfdc78:   0000000000000000 0000000406392480
0x0000000b4abfdc88:   0000000000000000 0000000406392348
0x0000000b4abfdc98:   0000000406392700 0000000406392480
0x0000000b4abfdca8:   0000000000000000 0000000404216700
0x0000000b4abfdcb8:   000001586a2229ec 0000000b4abfeb90
0x0000000b4abfdcc8:   000001586a220dea 0000000000000000
0x0000000b4abfdcd8:   000001586a1756a9 0000000000000000 

Instructions: (pc=0x0000015869f41050)
0x0000015869f40f50:   bf e0 05 00 00 00 74 03 ff 63 38 ff 63 50 e9 9d
0x0000015869f40f60:   16 00 00 66 66 66 0f 1f 84 00 00 00 00 00 66 0f
0x0000015869f40f70:   1f 84 00 00 00 00 00 66 0f 1f 84 00 00 00 00 00
0x0000015869f40f80:   48 8b 53 08 0f b7 52 2e 48 8b 0c d4 58 5b 50 44
0x0000015869f40f90:   8b 51 08 49 bb 00 00 00 10 58 01 00 00 4d 03 d3
0x0000015869f40fa0:   4c 8b 5b 10 4b 8b 9c da c8 01 00 00 48 85 db 0f
0x0000015869f40fb0:   84 10 00 00 00 41 80 bf e0 05 00 00 00 74 03 ff
0x0000015869f40fc0:   63 38 ff 63 50 e9 36 16 00 00 66 66 66 0f 1f 84
0x0000015869f40fd0:   00 00 00 00 00 66 66 66 0f 1f 84 00 00 00 00 00
0x0000015869f40fe0:   58 5b 50 8b 5b 24 48 c1 e3 03 48 8b 5b 10 48 85
0x0000015869f40ff0:   db 0f 84 10 00 00 00 41 80 bf e0 05 00 00 00 74
0x0000015869f41000:   03 ff 63 38 ff 63 50 e9 f4 15 00 00 66 66 0f 1f
0x0000015869f41010:   84 00 00 00 00 00 66 66 0f 1f 84 00 00 00 00 00
0x0000015869f41020:   48 8b 53 08 0f b7 52 2e 48 8b 0c d4 58 5b 50 48
0x0000015869f41030:   3b 01 8b 5b 24 48 c1 e3 03 48 8b 5b 10 48 85 db
0x0000015869f41040:   0f 84 10 00 00 00 41 80 bf e0 05 00 00 00 74 03
0x0000015869f41050:   ff 63 38 ff 63 50 e9 a5 15 00 00 0f 1f 44 00 00
0x0000015869f41060:   48 8b 53 08 0f b7 52 2e 48 8b 0c d4 58 5b 50 44
0x0000015869f41070:   8b 51 08 49 bb 00 00 00 10 58 01 00 00 4d 03 d3
0x0000015869f41080:   8b 43 18 48 c1 e0 03 48 8b 40 10 48 8b 5b 10 45
0x0000015869f41090:   8b 9a a0 00 00 00 4f 8d 9c da c8 01 00 00 4d 8d
0x0000015869f410a0:   14 da 49 8b 1b 48 3b c3 74 15 48 85 db 0f 84 32
0x0000015869f410b0:   00 00 00 49 83 c3 10 49 8b 1b 48 3b c3 75 eb 45
0x0000015869f410c0:   8b 5b 08 4b 8b 1c 1a 48 85 db 0f 84 10 00 00 00
0x0000015869f410d0:   41 80 bf e0 05 00 00 00 74 03 ff 63 38 ff 63 50
0x0000015869f410e0:   e9 1b 15 00 00 e9 16 12 00 00 f4 00 00 00 00 00
0x0000015869f410f0:   00 00 00 00 00 00 00 00 00 00 00 00 00 00 00 00
0x0000015869f41100:   00 00 00 00 00 00 00 00 00 00 00 00 00 00 00 00
0x0000015869f41110:   00 00 00 00 00 00 00 00 00 00 00 00 00 00 00 00
0x0000015869f41120:   00 00 00 00 00 00 00 00 00 00 00 00 00 00 00 00
0x0000015869f41130:   00 00 00 00 00 00 00 00 00 00 00 00 00 00 00 00
0x0000015869f41140:   00 00 00 00 00 00 00 00 00 00 00 00 00 00 00 00 


Stack slot to memory mapping:

stack at sp + 0 slots: 0x0000015869f19086 is at code_begin+3078 in an Interpreter codelet
return entry points  [0x0000015869f18480, 0x0000015869f1a298]  7704 bytes
stack at sp + 1 slots: 0x0000000b4abfdaf0 is pointing into the stack for thread: 0x00000158590fa1d0
stack at sp + 2 slots: 0x000001581072d03f is pointing into metadata
stack at sp + 3 slots: 0x0000000000000004 is an unknown value
stack at sp + 4 slots: 0x00000158100b18e8 is pointing into metadata
stack at sp + 5 slots: 0x00000004040531b0 is an oop: java.lang.Class 
{0x00000004040531b0} - klass: 'java/lang/Class'
 - ---- fields (total size 14 words):
 - private volatile transient 'classRedefinedCount' 'I' @12  1 (0x00000001)
 - injected 'klass' 'J' @16  1477758619648 (0x0000015811471000)
 - injected 'array_klass' 'J' @24  0 (0x0000000000000000)
 - injected 'oop_size' 'I' @32  14 (0x0000000e)
 - injected 'static_oop_field_count' 'I' @36  0 (0x00000000)
 - private volatile transient 'cachedConstructor' 'Ljava/lang/reflect/Constructor;' @40  null (0x00000000)
 - private transient 'name' 'Ljava/lang/String;' @44  "com.eden.Controller.MainController"{0x0000000404059620} (0x8080b2c4)
 - private transient 'module' 'Ljava/lang/Module;' @48  a 'java/lang/Module'{0x000000040402c8b0} (0x80805916)
 - private final 'classLoader' 'Ljava/lang/ClassLoader;' @52  a 'org/springframework/boot/devtools/restart/classloader/RestartClassLoader'{0x00000004040140b0} (0x80802816)
 - private transient 'classData' 'Ljava/lang/Object;' @56  null (0x00000000)
 - private transient 'packageName' 'Ljava/lang/String;' @60  "com.eden.Controller"{0x00000004019100d8} (0x8032201b)
 - private final 'componentType' 'Ljava/lang/Class;' @64  null (0x00000000)
 - private volatile transient 'reflectionData' 'Ljava/lang/ref/SoftReference;' @68  a 'java/lang/ref/SoftReference'{0x0000000404059670} (0x8080b2ce)
 - private volatile transient 'genericInfo' 'Lsun/reflect/generics/repository/ClassRepository;' @72  null (0x00000000)
 - private volatile transient 'enumConstants' '[Ljava/lang/Object;' @76  null (0x00000000)
 - private volatile transient 'enumConstantDirectory' 'Ljava/util/Map;' @80  null (0x00000000)
 - private volatile transient 'annotationData' 'Ljava/lang/Class$AnnotationData;' @84  a 'java/lang/Class$AnnotationData'{0x00000004040596e8} (0x8080b2dd)
 - private volatile transient 'annotationType' 'Lsun/reflect/annotation/AnnotationType;' @88  null (0x00000000)
 - transient 'classValueMap' 'Ljava/lang/ClassValue$ClassValueMap;' @92  null (0x00000000)
 - injected 'protection_domain' 'Ljava/lang/Object;' @96  a 'java/security/ProtectionDomain'{0x000000040402c8e8} (0x8080591d)
 - injected 'signers_name' 'Ljava/lang/Object;' @100  null (0x00000000)
 - injected 'source_file' 'Ljava/lang/Object;' @104  null (0x00000000)
 - signature: Lcom/eden/Controller/MainController;
 - ---- static fields (0):
stack at sp + 6 slots: 0x0000000401018540 is an oop: java.lang.Class 
{0x0000000401018540} - klass: 'java/lang/Class'
 - ---- fields (total size 14 words):
 - private volatile transient 'classRedefinedCount' 'I' @12  0 (0x00000000)
 - injected 'klass' 'J' @16  1477737911480 (0x00000158100b14b8)
 - injected 'array_klass' 'J' @24  0 (0x0000000000000000)
 - injected 'oop_size' 'I' @32  14 (0x0000000e)
 - injected 'static_oop_field_count' 'I' @36  0 (0x00000000)
 - private volatile transient 'cachedConstructor' 'Ljava/lang/reflect/Constructor;' @40  null (0x00000000)
 - private transient 'name' 'Ljava/lang/String;' @44  null (0x00000000)
 - private transient 'module' 'Ljava/lang/Module;' @48  a 'java/lang/Module'{0x0000000401011800} (0x80202300)
 - private final 'classLoader' 'Ljava/lang/ClassLoader;' @52  null (0x00000000)
 - private transient 'classData' 'Ljava/lang/Object;' @56  null (0x00000000)
 - private transient 'packageName' 'Ljava/lang/String;' @60  null (0x00000000)
 - private final 'componentType' 'Ljava/lang/Class;' @64  null (0x00000000)
 - private volatile transient 'reflectionData' 'Ljava/lang/ref/SoftReference;' @68  null (0x00000000)
 - private volatile transient 'genericInfo' 'Lsun/reflect/generics/repository/ClassRepository;' @72  null (0x00000000)
 - private volatile transient 'enumConstants' '[Ljava/lang/Object;' @76  null (0x00000000)
 - private volatile transient 'enumConstantDirectory' 'Ljava/util/Map;' @80  null (0x00000000)
 - private volatile transient 'annotationData' 'Ljava/lang/Class$AnnotationData;' @84  null (0x00000000)
 - private volatile transient 'annotationType' 'Lsun/reflect/annotation/AnnotationType;' @88  null (0x00000000)
 - transient 'classValueMap' 'Ljava/lang/ClassValue$ClassValueMap;' @92  null (0x00000000)
 - injected 'protection_domain' 'Ljava/lang/Object;' @96  null (0x00000000)
 - injected 'signers_name' 'Ljava/lang/Object;' @100  null (0x00000000)
 - injected 'source_file' 'Ljava/lang/Object;' @104  null (0x00000000)
 - signature: Ljava/lang/invoke/DirectMethodHandle$Holder;
 - ---- static fields (0):
stack at sp + 7 slots: {method} {0x00000158100b6438} 'newInvokeSpecial' '(Ljava/lang/Object;)Ljava/lang/Object;' in 'java/lang/invoke/DirectMethodHandle$Holder'

MethodHandle::interpreter_entry::_linkToSpecial [0x0000015869f4100c, 0x0000015869f4105b] (79 bytes)
[MachCode]
  0x0000015869f4100c: 6666 0f1f | 8400 0000 | 0000 6666 | 0f1f 8400 | 0000 0000 | 488b 5308 | 0fb7 522e | 488b 0cd4 
  0x0000015869f4102c: 585b 5048 | 3b01 8b5b | 2448 c1e3 | 0348 8b5b | 1048 85db | 0f84 1000 | 0000 4180 | bfe0 0500 
  0x0000015869f4104c: 0000 7403 | ff63 38ff | 6350 e9a5 | 
[/MachCode]

---------------  P R O C E S S  ---------------

Threads class SMR info:
_java_thread_list=0x000001585906f1c0, length=30, elements={
0x0000015871494830, 0x0000015871495ef0, 0x0000015871497bc0, 0x000001587149c160,
0x000001587149f370, 0x00000158714a58b0, 0x00000158714a66c0, 0x0000015851150370,
0x00000158511cf760, 0x00000158511d51a0, 0x00000158511d59c0, 0x0000015851a3c830,
0x0000015851ba32c0, 0x0000015851cc7f00, 0x0000015851ce69d0, 0x0000015856236950,
0x00000158562749d0, 0x00000158562e0390, 0x0000015858600140, 0x0000015858601b80,
0x00000158590fc2a0, 0x00000158590fa860, 0x00000158590f8e20, 0x00000158590f94b0,
0x00000158590f9b40, 0x00000158590fa1d0, 0x00000158590faef0, 0x00000158590fbc10,
0x00000158585ffab0, 0x00000158586035c0
}

Java Threads: ( => current thread )
  0x0000015871494830 JavaThread "Reference Handler"          daemon [_thread_blocked, id=22656, stack(0x0000000b49e00000,0x0000000b49f00000) (1024K)]
  0x0000015871495ef0 JavaThread "Finalizer"                  daemon [_thread_blocked, id=15204, stack(0x0000000b49f00000,0x0000000b4a000000) (1024K)]
  0x0000015871497bc0 JavaThread "Signal Dispatcher"          daemon [_thread_blocked, id=3436, stack(0x0000000b4a000000,0x0000000b4a100000) (1024K)]
  0x000001587149c160 JavaThread "Attach Listener"            daemon [_thread_blocked, id=24464, stack(0x0000000b4a100000,0x0000000b4a200000) (1024K)]
  0x000001587149f370 JavaThread "Service Thread"             daemon [_thread_blocked, id=14596, stack(0x0000000b4a200000,0x0000000b4a300000) (1024K)]
  0x00000158714a58b0 JavaThread "Monitor Deflation Thread"   daemon [_thread_blocked, id=10380, stack(0x0000000b4a300000,0x0000000b4a400000) (1024K)]
  0x00000158714a66c0 JavaThread "C1 CompilerThread0"         daemon [_thread_blocked, id=13308, stack(0x0000000b4a400000,0x0000000b4a500000) (1024K)]
  0x0000015851150370 JavaThread "Common-Cleaner"             daemon [_thread_blocked, id=24800, stack(0x0000000b4a500000,0x0000000b4a600000) (1024K)]
  0x00000158511cf760 JavaThread "JDWP Transport Listener: dt_socket" daemon [_thread_blocked, id=21088, stack(0x0000000b4a700000,0x0000000b4a800000) (1024K)]
  0x00000158511d51a0 JavaThread "JDWP Event Helper Thread"   daemon [_thread_blocked, id=22432, stack(0x0000000b4a800000,0x0000000b4a900000) (1024K)]
  0x00000158511d59c0 JavaThread "JDWP Command Reader"        daemon [_thread_in_native, id=18132, stack(0x0000000b4a900000,0x0000000b4aa00000) (1024K)]
  0x0000015851a3c830 JavaThread "Notification Thread"        daemon [_thread_blocked, id=14464, stack(0x0000000b4aa00000,0x0000000b4ab00000) (1024K)]
  0x0000015851ba32c0 JavaThread "RMI TCP Accept-0"           daemon [_thread_in_native, id=25572, stack(0x0000000b4ad00000,0x0000000b4ae00000) (1024K)]
  0x0000015851cc7f00 JavaThread "RMI TCP Accept-64903"       daemon [_thread_in_native, id=2788, stack(0x0000000b4ae00000,0x0000000b4af00000) (1024K)]
  0x0000015851ce69d0 JavaThread "RMI TCP Accept-0"           daemon [_thread_in_native, id=18348, stack(0x0000000b4af00000,0x0000000b4b000000) (1024K)]
  0x0000015856236950 JavaThread "RMI Scheduler(0)"           daemon [_thread_blocked, id=24936, stack(0x0000000b4ba00000,0x0000000b4bb00000) (1024K)]
  0x00000158562749d0 JavaThread "JMX server connection timeout 40" daemon [_thread_blocked, id=11960, stack(0x0000000b4bc00000,0x0000000b4bd00000) (1024K)]
  0x00000158562e0390 JavaThread "mysql-cj-abandoned-connection-cleanup" daemon [_thread_blocked, id=5232, stack(0x0000000b4c400000,0x0000000b4c500000) (1024K)]
  0x0000015858600140 JavaThread "Live Reload Server"         daemon [_thread_in_native, id=13520, stack(0x0000000b4ca00000,0x0000000b4cb00000) (1024K)]
  0x0000015858601b80 JavaThread "DestroyJavaVM"                     [_thread_blocked, id=24796, stack(0x0000000b49600000,0x0000000b49700000) (1024K)]
  0x00000158590fc2a0 JavaThread "RMI TCP Connection(641)-127.0.0.1" daemon [_thread_in_native, id=24264, stack(0x0000000b49300000,0x0000000b49400000) (1024K)]
  0x00000158590fa860 JavaThread "RMI TCP Connection(638)-127.0.0.1" daemon [_thread_in_native, id=21368, stack(0x0000000b4d000000,0x0000000b4d100000) (1024K)]
  0x00000158590f8e20 JavaThread "RMI TCP Connection(idle)"   daemon [_thread_blocked, id=22644, stack(0x0000000b4d100000,0x0000000b4d200000) (1024K)]
  0x00000158590f94b0 JavaThread "RMI TCP Connection(idle)"   daemon [_thread_blocked, id=22632, stack(0x0000000b49400000,0x0000000b49500000) (1024K)]
  0x00000158590f9b40 JavaThread "Thread-15"                         [_thread_blocked, id=13024, stack(0x0000000b4a600000,0x0000000b4a700000) (1024K)]
=>0x00000158590fa1d0 JavaThread "restartedMain"                     [_thread_in_Java, id=3440, stack(0x0000000b4ab00000,0x0000000b4ac00000) (1024K)]
  0x00000158590faef0 JavaThread "Catalina-utility-1"                [_thread_blocked, id=10900, stack(0x0000000b4ac00000,0x0000000b4ad00000) (1024K)]
  0x00000158590fbc10 JavaThread "Catalina-utility-2"                [_thread_blocked, id=26448, stack(0x0000000b4b900000,0x0000000b4ba00000) (1024K)]
  0x00000158585ffab0 JavaThread "container-0"                       [_thread_blocked, id=12832, stack(0x0000000b4bb00000,0x0000000b4bc00000) (1024K)]
  0x00000158586035c0 JavaThread "HikariPool-5 housekeeper"   daemon [_thread_blocked, id=25568, stack(0x0000000b4bd00000,0x0000000b4be00000) (1024K)]
Total: 30

Other Threads:
  0x000001585f53ea30 VMThread "VM Thread"                           [id=22708, stack(0x0000000b49d00000,0x0000000b49e00000) (1024K)] _threads_hazard_ptr=0x000001585906f1c0
  0x000001587145ea10 WatcherThread "VM Periodic Task Thread"        [id=23360, stack(0x0000000b49c00000,0x0000000b49d00000) (1024K)]
  0x000001585f53dbb0 WorkerThread "GC Thread#0"                     [id=3380, stack(0x0000000b49700000,0x0000000b49800000) (1024K)]
  0x000001585f53f510 WorkerThread "GC Thread#1"                     [id=14776, stack(0x0000000b4b000000,0x0000000b4b100000) (1024K)]
  0x00000158561bc6d0 WorkerThread "GC Thread#2"                     [id=22680, stack(0x0000000b4b100000,0x0000000b4b200000) (1024K)]
  0x00000158561be030 WorkerThread "GC Thread#3"                     [id=26084, stack(0x0000000b4b200000,0x0000000b4b300000) (1024K)]
  0x00000158561be770 WorkerThread "GC Thread#4"                     [id=21304, stack(0x0000000b4b300000,0x0000000b4b400000) (1024K)]
  0x00000158561bc330 WorkerThread "GC Thread#5"                     [id=12896, stack(0x0000000b4b400000,0x0000000b4b500000) (1024K)]
  0x00000158561be3d0 WorkerThread "GC Thread#6"                     [id=21704, stack(0x0000000b4b500000,0x0000000b4b600000) (1024K)]
  0x00000158561bca70 WorkerThread "GC Thread#7"                     [id=25996, stack(0x0000000b4b600000,0x0000000b4b700000) (1024K)]
  0x00000158561bce10 WorkerThread "GC Thread#8"                     [id=25872, stack(0x0000000b4b700000,0x0000000b4b800000) (1024K)]
  0x00000158561beeb0 WorkerThread "GC Thread#9"                     [id=9708, stack(0x0000000b4b800000,0x0000000b4b900000) (1024K)]
  0x00000158618f64c0 ConcurrentGCThread "G1 Main Marker"            [id=17596, stack(0x0000000b49800000,0x0000000b49900000) (1024K)]
  0x000001585f53df50 WorkerThread "G1 Conc#0"                       [id=20812, stack(0x0000000b49900000,0x0000000b49a00000) (1024K)]
  0x00000158561beb10 WorkerThread "G1 Conc#1"                       [id=18288, stack(0x0000000b4c000000,0x0000000b4c100000) (1024K)]
  0x00000158561bf250 WorkerThread "G1 Conc#2"                       [id=24040, stack(0x0000000b4c100000,0x0000000b4c200000) (1024K)]
  0x00000158713a36c0 ConcurrentGCThread "G1 Refine#0"               [id=23728, stack(0x0000000b49a00000,0x0000000b49b00000) (1024K)]
  0x00000158713a4140 ConcurrentGCThread "G1 Service"                [id=23016, stack(0x0000000b49b00000,0x0000000b49c00000) (1024K)]
Total: 18

Threads with active compile tasks:
Total: 0

VM state: synchronizing (normal execution)

VM Mutex/Monitor currently owned by a thread:  ([mutex/lock_event])
[0x00007ffc85693198] Threads_lock - owner thread: 0x000001585f53ea30

Heap address: 0x0000000401000000, size: 16368 MB, Compressed Oops mode: Zero based, Oop shift amount: 3

CDS archive(s) mapped at: [0x0000015810000000-0x0000015810c90000-0x0000015810c90000), size 13172736, SharedBaseAddress: 0x0000015810000000, ArchiveRelocationMode: 1.
Compressed class space mapped at: 0x0000015811000000-0x0000015851000000, reserved size: 1073741824
Narrow klass base: 0x0000015810000000, Narrow klass shift: 0, Narrow klass range: 0x100000000

GC Precious Log:
 CardTable entry size: 512
 Card Set container configuration: InlinePtr #cards 4 size 8 Array Of Cards #cards 64 size 144 Howl #buckets 8 coarsen threshold 14745 Howl Bitmap #cards 2048 size 272 coarsen threshold 1843 Card regions per heap region 1 cards per card region 16384
 CPUs: 12 total, 12 available
 Memory: 65448M
 Large Page Support: Disabled
 NUMA Support: Disabled
 Compressed Oops: Enabled (Zero based)
 Heap Region Size: 8M
 Heap Min Capacity: 8M
 Heap Initial Capacity: 1G
 Heap Max Capacity: 16368M
 Pre-touch: Disabled
 Parallel Workers: 10
 Concurrent Workers: 3
 Concurrent Refinement Workers: 10
 Periodic GC: Disabled

Heap:
 garbage-first heap   total 114688K, used 58349K [0x0000000401000000, 0x0000000800000000)
  region size 8192K, 5 young (40960K), 1 survivors (8192K)
 Metaspace       used 76389K, committed 77120K, reserved 1179648K
  class space    used 10387K, committed 10752K, reserved 1048576K

Heap Regions: E=young(eden), S=young(survivor), O=old, HS=humongous(starts), HC=humongous(continues), CS=collection set, F=free, TAMS=top-at-mark-start, PB=parsable bottom
|   0|0x0000000401000000, 0x00000004017fffe0, 0x0000000401800000| 99%| O|  |TAMS 0x0000000401000000| PB 0x0000000401000000| Untracked 
|   1|0x0000000401800000, 0x0000000401fffff8, 0x0000000402000000| 99%| O|  |TAMS 0x0000000401800000| PB 0x0000000401800000| Untracked 
|   2|0x0000000402000000, 0x0000000402792110, 0x0000000402800000| 94%| O|  |TAMS 0x0000000402000000| PB 0x0000000402000000| Untracked 
|   3|0x0000000402800000, 0x0000000402c76998, 0x0000000403000000| 55%| O|Cm|TAMS 0x0000000402800000| PB 0x0000000402800000| Complete 
|   4|0x0000000403000000, 0x0000000403000000, 0x0000000403800000|  0%| F|  |TAMS 0x0000000403000000| PB 0x0000000403000000| Untracked 
|   5|0x0000000403800000, 0x0000000403800000, 0x0000000404000000|  0%| F|  |TAMS 0x0000000403800000| PB 0x0000000403800000| Untracked 
|   6|0x0000000404000000, 0x00000004044f2bf0, 0x0000000404800000| 61%| S|CS|TAMS 0x0000000404000000| PB 0x0000000404000000| Complete 
|   7|0x0000000404800000, 0x0000000404800000, 0x0000000405000000|  0%| F|  |TAMS 0x0000000404800000| PB 0x0000000404800000| Untracked 
|   8|0x0000000405000000, 0x0000000405000000, 0x0000000405800000|  0%| F|  |TAMS 0x0000000405000000| PB 0x0000000405000000| Untracked 
|   9|0x0000000405800000, 0x0000000405800000, 0x0000000406000000|  0%| F|  |TAMS 0x0000000405800000| PB 0x0000000405800000| Untracked 
|  10|0x0000000406000000, 0x0000000406762c80, 0x0000000406800000| 92%| E|  |TAMS 0x0000000406000000| PB 0x0000000406000000| Complete 
|  11|0x0000000406800000, 0x0000000407000000, 0x0000000407000000|100%| E|CS|TAMS 0x0000000406800000| PB 0x0000000406800000| Complete 
|  12|0x0000000407000000, 0x0000000407800000, 0x0000000407800000|100%| E|CS|TAMS 0x0000000407000000| PB 0x0000000407000000| Complete 
|  13|0x0000000407800000, 0x0000000408000000, 0x0000000408000000|100%| E|CS|TAMS 0x0000000407800000| PB 0x0000000407800000| Complete 

Card table byte_map: [0x000001586f240000,0x0000015871240000] _byte_map_base: 0x000001586d238000

Marking Bits: (CMBitMap*) 0x0000015871310200
 Bits: [0x0000015800000000, 0x000001580ffc0000)

Polling page: 0x000001585f7c0000

Metaspace:

Usage:
  Non-class:     64.46 MB used.
      Class:     10.14 MB used.
       Both:     74.60 MB used.

Virtual space:
  Non-class space:      128.00 MB reserved,      64.81 MB ( 51%) committed,  2 nodes.
      Class space:        1.00 GB reserved,      10.50 MB (  1%) committed,  1 nodes.
             Both:        1.12 GB reserved,      75.31 MB (  7%) committed. 

Chunk freelists:
   Non-Class:  14.85 MB
       Class:  5.59 MB
        Both:  20.44 MB

MaxMetaspaceSize: unlimited
CompressedClassSpaceSize: 1.00 GB
Initial GC threshold: 21.00 MB
Current GC threshold: 125.00 MB
CDS: on
 - commit_granule_bytes: 65536.
 - commit_granule_words: 8192.
 - virtual_space_node_default_size: 8388608.
 - enlarge_chunks_in_place: 1.
 - use_allocation_guard: 0.


Internal statistics:

num_allocs_failed_limit: 6.
num_arena_births: 1626.
num_arena_deaths: 814.
num_vsnodes_births: 3.
num_vsnodes_deaths: 0.
num_space_committed: 1205.
num_space_uncommitted: 0.
num_chunks_returned_to_freelist: 1002.
num_chunks_taken_from_freelist: 4631.
num_chunk_merges: 213.
num_chunk_splits: 2909.
num_chunks_enlarged: 2169.
num_inconsistent_stats: 0.

CodeCache: size=49152Kb used=18633Kb max_used=20317Kb free=30518Kb
 bounds [0x0000015869f10000, 0x000001586b2f0000, 0x000001586cf10000]
 total_blobs=9641 nmethods=8881 adapters=682
 compilation: enabled
              stopped_count=0, restarted_count=0
 full_count=0

Compilation events (20 events):
Event: 37510.804 Thread 0x00000158714a66c0 15203   !   1       com.mysql.cj.conf.ConnectionUrlParser::decodeSkippingPlusSign (33 bytes)
Event: 37510.804 Thread 0x00000158714a66c0 nmethod 15203 0x000001586b2e1e10 code [0x000001586b2e1fe0, 0x000001586b2e21d0]
Event: 37510.805 Thread 0x00000158714a66c0 15204       1       sun.security.provider.AbstractDrbg$SeederHolder$$Lambda/0x00000158110a6180::getEntropy (13 bytes)
Event: 37510.805 Thread 0x00000158618465e0 15205       1       sun.security.provider.AbstractDrbg$SeederHolder::lambda$static$0 (29 bytes)
Event: 37510.805 Thread 0x00000158618465e0 nmethod 15205 0x000001586b2e2390 code [0x000001586b2e2560, 0x000001586b2e2878]
Event: 37510.805 Thread 0x00000158714a66c0 nmethod 15204 0x000001586b2e2a90 code [0x000001586b2e2c60, 0x000001586b2e2fa0]
Event: 37510.805 Thread 0x00000158714a66c0 15206       1       java.math.MutableBigInteger::primitiveLeftShift (89 bytes)
Event: 37510.806 Thread 0x00000158714a66c0 nmethod 15206 0x000001586b2e3210 code [0x000001586b2e33c0, 0x000001586b2e3578]
Event: 37510.808 Thread 0x00000158714a66c0 15207   !   1       java.security.Signature$Delegate::chooseProvider (264 bytes)
Event: 37510.808 Thread 0x00000158618465e0 15208   !   1       java.security.Signature$Delegate::newInstance (92 bytes)
Event: 37510.808 Thread 0x0000015861844aa0 15209       1       java.security.Signature$Delegate::tryOperation (140 bytes)
Event: 37510.809 Thread 0x0000015861844aa0 nmethod 15209 0x000001586b2e3710 code [0x000001586b2e39a0, 0x000001586b2e4108]
Event: 37510.809 Thread 0x00000158618465e0 nmethod 15208 0x000001586b2e4410 code [0x000001586b2e4680, 0x000001586b2e4ca8]
Event: 37510.809 Thread 0x00000158714a66c0 nmethod 15207 0x000001586b2e5090 code [0x000001586b2e5360, 0x000001586b2e5f40]
Event: 37510.820 Thread 0x00000158618465e0 15210       1       com.mysql.cj.conf.ConnectionUrlParser::isConnectionStringSupported (54 bytes)
Event: 37510.820 Thread 0x00000158714a66c0 15211       1       com.mysql.cj.conf.ConnectionUrl$Type::isSupported (41 bytes)
Event: 37510.820 Thread 0x00000158714a66c0 nmethod 15211 0x000001586b2e6890 code [0x000001586b2e6a60, 0x000001586b2e6c50]
Event: 37510.820 Thread 0x00000158618465e0 nmethod 15210 0x000001586b2e6e10 code [0x000001586b2e7040, 0x000001586b2e7390]
Event: 37521.641 Thread 0x00000158714a66c0 15212   !   1       java.util.concurrent.LinkedTransferQueue$DualNode::await (249 bytes)
Event: 37521.642 Thread 0x00000158714a66c0 nmethod 15212 0x000001586b2d0910 code [0x000001586b2d0be0, 0x000001586b2d1b30]

GC Heap History (20 events):
Event: 37144.240 GC heap before
{Heap before GC invocations=43 (full 1):
 garbage-first heap   total 114688K, used 71483K [0x0000000401000000, 0x0000000800000000)
  region size 8192K, 6 young (49152K), 1 survivors (8192K)
 Metaspace       used 75483K, committed 76224K, reserved 1179648K
  class space    used 10333K, committed 10688K, reserved 1048576K
}
Event: 37144.327 GC heap after
{Heap after GC invocations=44 (full 2):
 garbage-first heap   total 114688K, used 28492K [0x0000000401000000, 0x0000000800000000)
  region size 8192K, 0 young (0K), 0 survivors (0K)
 Metaspace       used 75390K, committed 76224K, reserved 1179648K
  class space    used 10312K, committed 10688K, reserved 1048576K
}
Event: 37144.717 GC heap before
{Heap before GC invocations=44 (full 2):
 garbage-first heap   total 114688K, used 94028K [0x0000000401000000, 0x0000000800000000)
  region size 8192K, 8 young (65536K), 0 survivors (0K)
 Metaspace       used 75461K, committed 76224K, reserved 1179648K
  class space    used 10323K, committed 10688K, reserved 1048576K
}
Event: 37144.719 GC heap after
{Heap after GC invocations=45 (full 2):
 garbage-first heap   total 114688K, used 32097K [0x0000000401000000, 0x0000000800000000)
  region size 8192K, 1 young (8192K), 1 survivors (8192K)
 Metaspace       used 75461K, committed 76224K, reserved 1179648K
  class space    used 10323K, committed 10688K, reserved 1048576K
}
Event: 37144.901 GC heap before
{Heap before GC invocations=46 (full 2):
 garbage-first heap   total 114688K, used 89441K [0x0000000401000000, 0x0000000800000000)
  region size 8192K, 8 young (65536K), 1 survivors (8192K)
 Metaspace       used 75601K, committed 76352K, reserved 1179648K
  class space    used 10334K, committed 10688K, reserved 1048576K
}
Event: 37144.902 GC heap after
{Heap after GC invocations=47 (full 2):
 garbage-first heap   total 114688K, used 33382K [0x0000000401000000, 0x0000000800000000)
  region size 8192K, 1 young (8192K), 1 survivors (8192K)
 Metaspace       used 75601K, committed 76352K, reserved 1179648K
  class space    used 10334K, committed 10688K, reserved 1048576K
}
Event: 37145.033 GC heap before
{Heap before GC invocations=47 (full 2):
 garbage-first heap   total 114688K, used 90726K [0x0000000401000000, 0x0000000800000000)
  region size 8192K, 8 young (65536K), 1 survivors (8192K)
 Metaspace       used 75774K, committed 76480K, reserved 1179648K
  class space    used 10345K, committed 10688K, reserved 1048576K
}
Event: 37145.037 GC heap after
{Heap after GC invocations=48 (full 2):
 garbage-first heap   total 581632K, used 34611K [0x0000000401000000, 0x0000000800000000)
  region size 8192K, 1 young (8192K), 1 survivors (8192K)
 Metaspace       used 75774K, committed 76480K, reserved 1179648K
  class space    used 10345K, committed 10688K, reserved 1048576K
}
Event: 37505.578 GC heap before
{Heap before GC invocations=48 (full 2):
 garbage-first heap   total 581632K, used 190259K [0x0000000401000000, 0x0000000800000000)
  region size 8192K, 21 young (172032K), 1 survivors (8192K)
 Metaspace       used 75826K, committed 76544K, reserved 1179648K
  class space    used 10356K, committed 10688K, reserved 1048576K
}
Event: 37505.614 GC heap after
{Heap after GC invocations=49 (full 3):
 garbage-first heap   total 221184K, used 30678K [0x0000000401000000, 0x0000000800000000)
  region size 8192K, 0 young (0K), 0 survivors (0K)
 Metaspace       used 75813K, committed 76544K, reserved 1179648K
  class space    used 10354K, committed 10688K, reserved 1048576K
}
Event: 37506.164 GC heap before
{Heap before GC invocations=49 (full 3):
 garbage-first heap   total 221184K, used 161750K [0x0000000401000000, 0x0000000800000000)
  region size 8192K, 16 young (131072K), 0 survivors (0K)
 Metaspace       used 76023K, committed 76800K, reserved 1179648K
  class space    used 10374K, committed 10752K, reserved 1048576K
}
Event: 37506.166 GC heap after
{Heap after GC invocations=50 (full 3):
 garbage-first heap   total 221184K, used 35914K [0x0000000401000000, 0x0000000800000000)
  region size 8192K, 1 young (8192K), 1 survivors (8192K)
 Metaspace       used 76023K, committed 76800K, reserved 1179648K
  class space    used 10374K, committed 10752K, reserved 1048576K
}
Event: 37506.518 GC heap before
{Heap before GC invocations=51 (full 3):
 garbage-first heap   total 221184K, used 158794K [0x0000000401000000, 0x0000000800000000)
  region size 8192K, 16 young (131072K), 1 survivors (8192K)
 Metaspace       used 76079K, committed 76864K, reserved 1179648K
  class space    used 10358K, committed 10752K, reserved 1048576K
}
Event: 37506.521 GC heap after
{Heap after GC invocations=52 (full 3):
 garbage-first heap   total 221184K, used 38692K [0x0000000401000000, 0x0000000800000000)
  region size 8192K, 1 young (8192K), 1 survivors (8192K)
 Metaspace       used 76079K, committed 76864K, reserved 1179648K
  class space    used 10358K, committed 10752K, reserved 1048576K
}
Event: 37510.112 GC heap before
{Heap before GC invocations=52 (full 3):
 garbage-first heap   total 221184K, used 87844K [0x0000000401000000, 0x0000000800000000)
  region size 8192K, 8 young (65536K), 1 survivors (8192K)
 Metaspace       used 76140K, committed 76864K, reserved 1179648K
  class space    used 10367K, committed 10752K, reserved 1048576K
}
Event: 37510.162 GC heap after
{Heap after GC invocations=53 (full 4):
 garbage-first heap   total 114688K, used 28706K [0x0000000401000000, 0x0000000800000000)
  region size 8192K, 0 young (0K), 0 survivors (0K)
 Metaspace       used 76107K, committed 76864K, reserved 1179648K
  class space    used 10362K, committed 10752K, reserved 1048576K
}
Event: 37510.494 GC heap before
{Heap before GC invocations=53 (full 4):
 garbage-first heap   total 114688K, used 94242K [0x0000000401000000, 0x0000000800000000)
  region size 8192K, 8 young (65536K), 0 survivors (0K)
 Metaspace       used 76183K, committed 76928K, reserved 1179648K
  class space    used 10373K, committed 10752K, reserved 1048576K
}
Event: 37510.495 GC heap after
{Heap after GC invocations=54 (full 4):
 garbage-first heap   total 114688K, used 32590K [0x0000000401000000, 0x0000000800000000)
  region size 8192K, 1 young (8192K), 1 survivors (8192K)
 Metaspace       used 76183K, committed 76928K, reserved 1179648K
  class space    used 10373K, committed 10752K, reserved 1048576K
}
Event: 37510.667 GC heap before
{Heap before GC invocations=55 (full 4):
 garbage-first heap   total 114688K, used 89934K [0x0000000401000000, 0x0000000800000000)
  region size 8192K, 8 young (65536K), 1 survivors (8192K)
 Metaspace       used 76316K, committed 77056K, reserved 1179648K
  class space    used 10383K, committed 10752K, reserved 1048576K
}
Event: 37510.669 GC heap after
{Heap after GC invocations=56 (full 4):
 garbage-first heap   total 114688K, used 33773K [0x0000000401000000, 0x0000000800000000)
  region size 8192K, 1 young (8192K), 1 survivors (8192K)
 Metaspace       used 76316K, committed 77056K, reserved 1179648K
  class space    used 10383K, committed 10752K, reserved 1048576K
}

Dll operation events (12 events):
Event: 0.004 Loaded shared library C:\pleiades\2024-03\java\21\bin\java.dll
Event: 0.103 Loaded shared library C:\pleiades\2024-03\java\21\bin\zip.dll
Event: 0.107 Loaded shared library C:\pleiades\2024-03\java\21\bin\instrument.dll
Event: 0.110 Loaded shared library C:\pleiades\2024-03\java\21\bin\net.dll
Event: 0.111 Loaded shared library C:\pleiades\2024-03\java\21\bin\nio.dll
Event: 0.112 Loaded shared library C:\pleiades\2024-03\java\21\bin\zip.dll
Event: 0.195 Loaded shared library C:\pleiades\2024-03\java\21\bin\jimage.dll
Event: 0.222 Loaded shared library C:\pleiades\2024-03\java\21\bin\management.dll
Event: 0.228 Loaded shared library C:\pleiades\2024-03\java\21\bin\management_ext.dll
Event: 0.331 Loaded shared library C:\pleiades\2024-03\java\21\bin\verify.dll
Event: 0.385 Loaded shared library C:\pleiades\2024-03\java\21\bin\extnet.dll
Event: 1.006 Loaded shared library C:\pleiades\2024-03\java\21\bin\sunmscapi.dll

Deoptimization events (20 events):
Event: 37510.724 Thread 0x00000158590fa1d0 DEOPT PACKING pc=0x000001586a6e45ac sp=0x0000000b4abfc500
Event: 37510.724 Thread 0x00000158590fa1d0 DEOPT UNPACKING pc=0x0000015869f64e42 sp=0x0000000b4abfbac0 mode 1
Event: 37510.724 Thread 0x00000158590fa1d0 DEOPT PACKING pc=0x000001586a79e6cc sp=0x0000000b4abfd470
Event: 37510.724 Thread 0x00000158590fa1d0 DEOPT UNPACKING pc=0x0000015869f64e42 sp=0x0000000b4abfcb00 mode 1
Event: 37510.724 Thread 0x00000158590fa1d0 DEOPT PACKING pc=0x000001586ab19534 sp=0x0000000b4abfd7a0
Event: 37510.724 Thread 0x00000158590fa1d0 DEOPT UNPACKING pc=0x0000015869f64e42 sp=0x0000000b4abfcc68 mode 1
Event: 37510.725 Thread 0x00000158590fa1d0 DEOPT PACKING pc=0x000001586a6e03ec sp=0x0000000b4abfbdc0
Event: 37510.725 Thread 0x00000158590fa1d0 DEOPT UNPACKING pc=0x0000015869f64e42 sp=0x0000000b4abfb2f8 mode 1
Event: 37510.725 Thread 0x00000158590fa1d0 DEOPT PACKING pc=0x000001586a6e13f4 sp=0x0000000b4abfbeb0
Event: 37510.725 Thread 0x00000158590fa1d0 DEOPT UNPACKING pc=0x0000015869f64e42 sp=0x0000000b4abfb460 mode 1
Event: 37510.725 Thread 0x00000158590fa1d0 DEOPT PACKING pc=0x000001586a6e45ac sp=0x0000000b4abfc020
Event: 37510.725 Thread 0x00000158590fa1d0 DEOPT UNPACKING pc=0x0000015869f64e42 sp=0x0000000b4abfb5e0 mode 1
Event: 37510.725 Thread 0x00000158590fa1d0 DEOPT PACKING pc=0x000001586a6e03ec sp=0x0000000b4abfb8b0
Event: 37510.725 Thread 0x00000158590fa1d0 DEOPT UNPACKING pc=0x0000015869f64e42 sp=0x0000000b4abfade8 mode 1
Event: 37510.725 Thread 0x00000158590fa1d0 DEOPT PACKING pc=0x000001586a6e13f4 sp=0x0000000b4abfb9a0
Event: 37510.725 Thread 0x00000158590fa1d0 DEOPT UNPACKING pc=0x0000015869f64e42 sp=0x0000000b4abfaf50 mode 1
Event: 37510.725 Thread 0x00000158590fa1d0 DEOPT PACKING pc=0x000001586a6e45ac sp=0x0000000b4abfbb10
Event: 37510.725 Thread 0x00000158590fa1d0 DEOPT UNPACKING pc=0x0000015869f64e42 sp=0x0000000b4abfb0d0 mode 1
Event: 37532.279 Thread 0x00000158590fa1d0 DEOPT PACKING pc=0x000001586a34f7b4 sp=0x0000000b4abfdaf0
Event: 37532.279 Thread 0x00000158590fa1d0 DEOPT UNPACKING pc=0x0000015869f64e42 sp=0x0000000b4abfcfa8 mode 0

Classes loaded (20 events):
Event: 37061.002 Loading class java/util/zip/Deflater$DeflaterZStreamRef
Event: 37061.002 Loading class java/util/zip/Deflater$DeflaterZStreamRef done
Event: 37061.005 Loading class jdk/internal/event/VirtualThreadEndEvent
Event: 37061.005 Loading class jdk/internal/event/VirtualThreadEndEvent done
Event: 37138.018 Loading class java/util/concurrent/locks/AbstractQueuedSynchronizer$SharedNode
Event: 37138.018 Loading class java/util/concurrent/locks/AbstractQueuedSynchronizer$SharedNode done
Event: 37138.022 Loading class java/util/AbstractMap$2
Event: 37138.022 Loading class java/util/AbstractMap$2 done
Event: 37138.022 Loading class java/util/AbstractMap$2$1
Event: 37138.022 Loading class java/util/AbstractMap$2$1 done
Event: 37138.072 Loading class java/lang/ref/Finalizer$2
Event: 37138.072 Loading class java/lang/ref/Finalizer$2 done
Event: 37138.072 Loading class java/lang/ref/Finalizer$1
Event: 37138.072 Loading class java/lang/ref/Finalizer$1 done
Event: 37138.957 Loading class java/time/DurationEditor
Event: 37138.957 Loading class java/time/DurationEditor done
Event: 37274.484 Loading class jdk/internal/loader/BootLoader$PackageHelper
Event: 37274.484 Loading class jdk/internal/loader/BootLoader$PackageHelper done
Event: 37506.291 Loading class java/time/DurationEditor
Event: 37506.291 Loading class java/time/DurationEditor done

Classes unloaded (20 events):
Event: 37506.182 Thread 0x000001585f53ea30 Unloading class 0x0000015811931c00 'java/lang/invoke/LambdaForm$MH+0x0000015811931c00'
Event: 37506.182 Thread 0x000001585f53ea30 Unloading class 0x0000015811932c00 'java/lang/invoke/LambdaForm$MH+0x0000015811932c00'
Event: 37506.182 Thread 0x000001585f53ea30 Unloading class 0x0000015811950800 'java/lang/invoke/LambdaForm$MH+0x0000015811950800'
Event: 37506.182 Thread 0x000001585f53ea30 Unloading class 0x0000015811986000 'java/lang/invoke/LambdaForm$MH+0x0000015811986000'
Event: 37506.182 Thread 0x000001585f53ea30 Unloading class 0x0000015811988800 'java/lang/invoke/LambdaForm$MH+0x0000015811988800'
Event: 37506.182 Thread 0x000001585f53ea30 Unloading class 0x0000015811989800 'java/lang/invoke/LambdaForm$BMH+0x0000015811989800'
Event: 37506.182 Thread 0x000001585f53ea30 Unloading class 0x0000015811a66c00 'java/lang/invoke/LambdaForm$MH+0x0000015811a66c00'
Event: 37506.182 Thread 0x000001585f53ea30 Unloading class 0x0000015811418000 'java/lang/invoke/LambdaForm$MH+0x0000015811418000'
Event: 37506.182 Thread 0x000001585f53ea30 Unloading class 0x0000015811415400 'java/lang/invoke/LambdaForm$MH+0x0000015811415400'
Event: 37506.182 Thread 0x000001585f53ea30 Unloading class 0x00000158111b8c00 'java/lang/invoke/LambdaForm$MH+0x00000158111b8c00'
Event: 37510.129 Thread 0x000001585f53ea30 Unloading class 0x0000015811006c00 'jdk/internal/reflect/GeneratedSerializationConstructorAccessor70'
Event: 37510.129 Thread 0x000001585f53ea30 Unloading class 0x0000015811005c00 'jdk/internal/reflect/GeneratedSerializationConstructorAccessor68'
Event: 37510.129 Thread 0x000001585f53ea30 Unloading class 0x0000015811998000 'jdk/internal/reflect/GeneratedSerializationConstructorAccessor66'
Event: 37510.129 Thread 0x000001585f53ea30 Unloading class 0x00000158111c6400 'jdk/internal/reflect/GeneratedSerializationConstructorAccessor59'
Event: 37510.129 Thread 0x000001585f53ea30 Unloading class 0x00000158112fc800 'jdk/internal/reflect/GeneratedSerializationConstructorAccessor57'
Event: 37510.129 Thread 0x000001585f53ea30 Unloading class 0x0000015811371400 'jdk/internal/reflect/GeneratedSerializationConstructorAccessor55'
Event: 37510.129 Thread 0x000001585f53ea30 Unloading class 0x000001581152c400 'jdk/internal/reflect/GeneratedSerializationConstructorAccessor53'
Event: 37510.129 Thread 0x000001585f53ea30 Unloading class 0x00000158114a2000 'jdk/internal/reflect/GeneratedSerializationConstructorAccessor52'
Event: 37510.129 Thread 0x000001585f53ea30 Unloading class 0x00000158114a1400 'jdk/internal/reflect/GeneratedSerializationConstructorAccessor51'
Event: 37510.129 Thread 0x000001585f53ea30 Unloading class 0x0000015811356000 'org/apache/catalina/loader/JdbcLeakPrevention'

Classes redefined (1 events):
Event: 37532.298 Thread 0x000001585f53ea30 redefined class name=com.eden.Controller.MainController, count=1

Internal exceptions (20 events):
Event: 37505.962 Thread 0x00000158562e0a20 Exception <a 'java/io/FileNotFoundException'{0x000000040ac97810}> (0x000000040ac97810) 
thrown [s\src\hotspot\share\prims\jni.cpp, line 520]
Event: 37506.291 Thread 0x00000158562e0a20 Exception <a 'java/lang/NoSuchMethodError'{0x000000040b918300}: 'void java.lang.invoke.DelegatingMethodHandle$Holder.reinvoke_L(java.lang.Object, java.lang.Object, int)'> (0x000000040b918300) 
thrown [s\src\hotspot\share\interpreter\linkResolver.cpp, line 773]
Event: 37506.642 Thread 0x00000158590fc2a0 Exception <a 'java/lang/NoSuchMethodError'{0x000000040b282918}: static [B.<clinit>()V> (0x000000040b282918) 
thrown [s\src\hotspot\share\prims\jni.cpp, line 1106]
Event: 37510.109 Thread 0x00000158590fbc10 Exception <a 'java/io/IOException'{0x000000040b5bab68}> (0x000000040b5bab68) 
thrown [s\src\hotspot\share\prims\jni.cpp, line 520]
Event: 37510.110 Thread 0x00000158590fbc10 Exception <a 'java/io/IOException'{0x000000040b5bcce0}> (0x000000040b5bcce0) 
thrown [s\src\hotspot\share\prims\jni.cpp, line 520]
Event: 37510.110 Thread 0x00000158590fbc10 Exception <a 'java/net/SocketException'{0x000000040b5bfce0}: Connection reset by peer: shutdown> (0x000000040b5bfce0) 
thrown [s\src\hotspot\share\prims\jni.cpp, line 539]
Event: 37510.112 Thread 0x00000158562e1dd0 Exception <a 'java/lang/InterruptedException'{0x000000040b638a98}: sleep interrupted> (0x000000040b638a98) 
thrown [s\src\hotspot\share\prims\jvm.cpp, line 3074]
Event: 37510.171 Thread 0x00000158590fa1d0 Exception <a 'sun/nio/fs/WindowsException'{0x00000004078cc710}> (0x00000004078cc710) 
thrown [s\src\hotspot\share\prims\jni.cpp, line 520]
Event: 37510.371 Thread 0x00000158590fa1d0 Exception <a 'java/lang/NoClassDefFoundError'{0x0000000406158a30}: org/flywaydb/core/Flyway> (0x0000000406158a30) 
thrown [s\src\hotspot\share\oops\constantPool.cpp, line 871]
Event: 37510.371 Thread 0x00000158590fa1d0 Exception <a 'java/lang/NoClassDefFoundError'{0x0000000406159090}: liquibase/integration/spring/SpringLiquibase> (0x0000000406159090) 
thrown [s\src\hotspot\share\oops\constantPool.cpp, line 871]
Event: 37510.374 Thread 0x00000158590fa1d0 Exception <a 'java/lang/NoClassDefFoundError'{0x00000004061c1be8}: org/jooq/DSLContext> (0x00000004061c1be8) 
thrown [s\src\hotspot\share\oops\constantPool.cpp, line 871]
Event: 37510.375 Thread 0x00000158590fa1d0 Exception <a 'java/lang/NoClassDefFoundError'{0x00000004061ce970}: org/springframework/batch/core/repository/JobRepository> (0x00000004061ce970) 
thrown [s\src\hotspot\share\oops\constantPool.cpp, line 871]
Event: 37510.375 Thread 0x00000158590fa1d0 Exception <a 'java/lang/NoClassDefFoundError'{0x00000004061cefc8}: org/quartz/Scheduler> (0x00000004061cefc8) 
thrown [s\src\hotspot\share\oops\constantPool.cpp, line 871]
Event: 37510.375 Thread 0x00000158590fa1d0 Exception <a 'java/lang/NoClassDefFoundError'{0x00000004061cf648}: org/springframework/session/jdbc/JdbcIndexedSessionRepository> (0x00000004061cf648) 
thrown [s\src\hotspot\share\oops\constantPool.cpp, line 871]
Event: 37510.382 Thread 0x00000158590fa1d0 Exception <a 'java/lang/ArrayIndexOutOfBoundsException'{0x00000004062cd258}> (0x00000004062cd258) 
thrown [s\src\hotspot\share\runtime\sharedRuntime.cpp, line 625]
Event: 37510.382 Thread 0x00000158590fa1d0 Exception <a 'java/lang/ArrayIndexOutOfBoundsException'{0x00000004062cd830}> (0x00000004062cd830) 
thrown [s\src\hotspot\share\runtime\sharedRuntime.cpp, line 625]
Event: 37510.384 Thread 0x00000158590fa1d0 Exception <a 'java/lang/ArrayIndexOutOfBoundsException'{0x0000000406307e68}> (0x0000000406307e68) 
thrown [s\src\hotspot\share\runtime\sharedRuntime.cpp, line 625]
Event: 37510.384 Thread 0x00000158590fa1d0 Exception <a 'java/lang/ArrayIndexOutOfBoundsException'{0x0000000406308440}> (0x0000000406308440) 
thrown [s\src\hotspot\share\runtime\sharedRuntime.cpp, line 625]
Event: 37510.465 Thread 0x00000158590fa1d0 Exception <a 'java/io/FileNotFoundException'{0x0000000404ec4e18}> (0x0000000404ec4e18) 
thrown [s\src\hotspot\share\prims\jni.cpp, line 520]
Event: 37510.483 Thread 0x00000158590fa1d0 Exception <a 'java/io/FileNotFoundException'{0x00000004043d9598}> (0x00000004043d9598) 
thrown [s\src\hotspot\share\prims\jni.cpp, line 520]

ZGC Phase Switch (0 events):
No events

VM Operations (20 events):
Event: 37510.857 Executing VM operation: get/set locals
Event: 37510.857 Executing VM operation: get/set locals done
Event: 37510.858 Executing VM operation: get/set locals
Event: 37510.858 Executing VM operation: get/set locals done
Event: 37510.858 Executing VM operation: get/set locals
Event: 37510.858 Executing VM operation: get/set locals done
Event: 37510.859 Executing VM operation: get/set locals
Event: 37510.859 Executing VM operation: get/set locals done
Event: 37521.941 Executing VM operation: HandshakeAllThreads (HandshakeForDeflation)
Event: 37521.941 Executing VM operation: HandshakeAllThreads (HandshakeForDeflation) done
Event: 37521.941 Executing VM operation: RendezvousGCThreads
Event: 37521.941 Executing VM operation: RendezvousGCThreads done
Event: 37532.279 Executing VM operation: ChangeSingleStep
Event: 37532.279 Executing VM operation: ChangeSingleStep done
Event: 37532.279 Executing VM operation: ChangeSingleStep
Event: 37532.279 Executing VM operation: ChangeSingleStep done
Event: 37532.290 Executing VM operation: RedefineClasses
Event: 37532.313 Executing VM operation: RedefineClasses done
Event: 37532.319 Executing VM operation: ChangeSingleStep
Event: 37532.319 Executing VM operation: ChangeSingleStep done

Events (20 events):
Event: 37510.140 Thread 0x000001585f53ea30 flushing nmethod 0x000001586a079990
Event: 37510.140 Thread 0x000001585f53ea30 flushing nmethod 0x000001586a067690
Event: 37510.140 Thread 0x000001585f53ea30 flushing nmethod 0x000001586a033f10
Event: 37510.162 Thread 0x00000158590fbc10 Thread added: 0x00000158590fbc10
Event: 37510.162 Thread 0x00000158590fbc10 Thread exited: 0x00000158590fbc10
Event: 37510.162 Thread 0x00000158590fa1d0 Thread added: 0x00000158590fa1d0
Event: 37510.206 Thread 0x00000158590fbc10 Thread added: 0x00000158590fbc10
Event: 37510.233 Thread 0x00000158590fbc10 Thread exited: 0x00000158590fbc10
Event: 37510.484 Thread 0x00000158590faef0 Thread added: 0x00000158590faef0
Event: 37510.484 Thread 0x00000158590fbc10 Thread added: 0x00000158590fbc10
Event: 37510.484 Thread 0x00000158585ffab0 Thread added: 0x00000158585ffab0
Event: 37510.540 Thread 0x00000158586035c0 Thread added: 0x00000158586035c0
Event: 37510.547 Thread 0x0000015861844aa0 Thread added: 0x0000015861844aa0
Event: 37510.550 Thread 0x0000015861845840 Thread added: 0x0000015861845840
Event: 37510.550 Thread 0x00000158618465e0 Thread added: 0x00000158618465e0
Event: 37510.645 Thread 0x0000015858603c50 Thread added: 0x0000015858603c50
Event: 37515.821 Thread 0x0000015861845840 Thread exited: 0x0000015861845840
Event: 37515.821 Thread 0x00000158618465e0 Thread exited: 0x00000158618465e0
Event: 37515.851 Thread 0x0000015858603c50 Thread exited: 0x0000015858603c50
Event: 37520.833 Thread 0x0000015861844aa0 Thread exited: 0x0000015861844aa0


Dynamic libraries:
0x00007ff764910000 - 0x00007ff76491e000 	C:\pleiades\2024-03\java\21\bin\javaw.exe
0x00007ffccceb0000 - 0x00007ffccd0a8000 	C:\WINDOWS\SYSTEM32\ntdll.dll
0x00007ffccc650000 - 0x00007ffccc70d000 	C:\WINDOWS\System32\KERNEL32.DLL
0x00007ffcca8d0000 - 0x00007ffccabc6000 	C:\WINDOWS\System32\KERNELBASE.dll
0x00007ffcca590000 - 0x00007ffcca690000 	C:\WINDOWS\System32\ucrtbase.dll
0x00007ffc8e820000 - 0x00007ffc8e838000 	C:\pleiades\2024-03\java\21\bin\jli.dll
0x00007ffcab9c0000 - 0x00007ffcab9db000 	C:\pleiades\2024-03\java\21\bin\VCRUNTIME140.dll
0x00007ffccb990000 - 0x00007ffccbb2f000 	C:\WINDOWS\System32\USER32.dll
0x00007ffccae20000 - 0x00007ffccae42000 	C:\WINDOWS\System32\win32u.dll
0x00007ffcb7a10000 - 0x00007ffcb7caa000 	C:\WINDOWS\WinSxS\amd64_microsoft.windows.common-controls_6595b64144ccf1df_6.0.19041.3636_none_60b6a03d71f818d5\COMCTL32.dll
0x00007ffccce40000 - 0x00007ffccce6b000 	C:\WINDOWS\System32\GDI32.dll
0x00007ffccaee0000 - 0x00007ffccaf7e000 	C:\WINDOWS\System32\msvcrt.dll
0x00007ffcca690000 - 0x00007ffcca7a7000 	C:\WINDOWS\System32\gdi32full.dll
0x00007ffccad30000 - 0x00007ffccadcd000 	C:\WINDOWS\System32\msvcp_win.dll
0x00007ffccbc90000 - 0x00007ffccbcc2000 	C:\WINDOWS\System32\IMM32.DLL
0x00007ffcbf1e0000 - 0x00007ffcbf1ec000 	C:\pleiades\2024-03\java\21\bin\vcruntime140_1.dll
0x00007ffca44f0000 - 0x00007ffca457e000 	C:\pleiades\2024-03\java\21\bin\msvcp140.dll
0x00007ffc849f0000 - 0x00007ffc85773000 	C:\pleiades\2024-03\java\21\bin\server\jvm.dll
0x00007ffccbb30000 - 0x00007ffccbbe0000 	C:\WINDOWS\System32\ADVAPI32.dll
0x00007ffccc710000 - 0x00007ffccc7b0000 	C:\WINDOWS\System32\sechost.dll
0x00007ffccc460000 - 0x00007ffccc583000 	C:\WINDOWS\System32\RPCRT4.dll
0x00007ffcca560000 - 0x00007ffcca587000 	C:\WINDOWS\System32\bcrypt.dll
0x00007ffccbda0000 - 0x00007ffccbe0b000 	C:\WINDOWS\System32\WS2_32.dll
0x00007ffcca3c0000 - 0x00007ffcca40b000 	C:\WINDOWS\SYSTEM32\POWRPROF.dll
0x00007ffcc3c30000 - 0x00007ffcc3c57000 	C:\WINDOWS\SYSTEM32\WINMM.dll
0x00007ffcc4620000 - 0x00007ffcc462a000 	C:\WINDOWS\SYSTEM32\VERSION.dll
0x00007ffcca3a0000 - 0x00007ffcca3b2000 	C:\WINDOWS\SYSTEM32\UMPDC.dll
0x00007ffcc8410000 - 0x00007ffcc8422000 	C:\WINDOWS\SYSTEM32\kernel.appcore.dll
0x00007ffcae060000 - 0x00007ffcae06a000 	C:\pleiades\2024-03\java\21\bin\jimage.dll
0x00007ffcb4e20000 - 0x00007ffcb5004000 	C:\WINDOWS\SYSTEM32\DBGHELP.DLL
0x00007ffcb4de0000 - 0x00007ffcb4e14000 	C:\WINDOWS\SYSTEM32\dbgcore.DLL
0x00007ffccae50000 - 0x00007ffccaed2000 	C:\WINDOWS\System32\bcryptPrimitives.dll
0x00007ffca4c50000 - 0x00007ffca4c8c000 	C:\pleiades\2024-03\java\21\bin\jdwp.dll
0x00007ffcaddb0000 - 0x00007ffcaddbf000 	C:\pleiades\2024-03\java\21\bin\instrument.dll
0x00007ffc8f8a0000 - 0x00007ffc8f8bf000 	C:\pleiades\2024-03\java\21\bin\java.dll
0x00007ffccb130000 - 0x00007ffccb89b000 	C:\WINDOWS\System32\SHELL32.dll
0x00007ffcc8610000 - 0x00007ffcc8dae000 	C:\WINDOWS\SYSTEM32\windows.storage.dll
0x00007ffccbf70000 - 0x00007ffccc2c3000 	C:\WINDOWS\System32\combase.dll
0x00007ffcc9ec0000 - 0x00007ffcc9eee000 	C:\WINDOWS\SYSTEM32\Wldp.dll
0x00007ffccbcd0000 - 0x00007ffccbd9d000 	C:\WINDOWS\System32\OLEAUT32.dll
0x00007ffccc5a0000 - 0x00007ffccc64d000 	C:\WINDOWS\System32\SHCORE.dll
0x00007ffccc2d0000 - 0x00007ffccc325000 	C:\WINDOWS\System32\shlwapi.dll
0x00007ffcca490000 - 0x00007ffcca4b3000 	C:\WINDOWS\SYSTEM32\profapi.dll
0x00007ffcc5910000 - 0x00007ffcc591c000 	C:\pleiades\2024-03\java\21\bin\dt_socket.dll
0x00007ffcc9900000 - 0x00007ffcc993b000 	C:\WINDOWS\SYSTEM32\IPHLPAPI.DLL
0x00007ffcc9c20000 - 0x00007ffcc9c8a000 	C:\WINDOWS\system32\mswsock.dll
0x00007ffcc9940000 - 0x00007ffcc9a0b000 	C:\WINDOWS\SYSTEM32\DNSAPI.dll
0x00007ffcccc80000 - 0x00007ffcccc88000 	C:\WINDOWS\System32\NSI.dll
0x00007ffcc3df0000 - 0x00007ffcc3dfa000 	C:\Windows\System32\rasadhlp.dll
0x00007ffcc39e0000 - 0x00007ffcc3a60000 	C:\WINDOWS\System32\fwpuclnt.dll
0x00007ffca0db0000 - 0x00007ffca0dc8000 	C:\pleiades\2024-03\java\21\bin\zip.dll
0x00007ffcadd80000 - 0x00007ffcadd90000 	C:\pleiades\2024-03\java\21\bin\net.dll
0x00007ffcc4200000 - 0x00007ffcc430a000 	C:\WINDOWS\SYSTEM32\WINHTTP.dll
0x00007ffc9e4a0000 - 0x00007ffc9e4b6000 	C:\pleiades\2024-03\java\21\bin\nio.dll
0x00007ffcc3170000 - 0x00007ffcc317a000 	C:\pleiades\2024-03\java\21\bin\management.dll
0x00007ffcc0200000 - 0x00007ffcc020b000 	C:\pleiades\2024-03\java\21\bin\management_ext.dll
0x00007ffccb8a0000 - 0x00007ffccb8a8000 	C:\WINDOWS\System32\PSAPI.DLL
0x00007ffca3510000 - 0x00007ffca3527000 	C:\WINDOWS\system32\napinsp.dll
0x00007ffca34f0000 - 0x00007ffca350b000 	C:\WINDOWS\system32\pnrpnsp.dll
0x00007ffcc5320000 - 0x00007ffcc5335000 	C:\WINDOWS\system32\wshbth.dll
0x00007ffcc5f20000 - 0x00007ffcc5f3d000 	C:\WINDOWS\system32\NLAapi.dll
0x00007ffca2fd0000 - 0x00007ffca2fe2000 	C:\WINDOWS\System32\winrnr.dll
0x00007ffcab8c0000 - 0x00007ffcab8d0000 	C:\pleiades\2024-03\java\21\bin\verify.dll
0x00007ffcc9e20000 - 0x00007ffcc9e38000 	C:\WINDOWS\SYSTEM32\CRYPTSP.dll
0x00007ffcc9540000 - 0x00007ffcc9574000 	C:\WINDOWS\system32\rsaenh.dll
0x00007ffcca450000 - 0x00007ffcca47e000 	C:\WINDOWS\SYSTEM32\USERENV.dll
0x00007ffcc9e10000 - 0x00007ffcc9e1c000 	C:\WINDOWS\SYSTEM32\CRYPTBASE.dll
0x00007ffcc4ac0000 - 0x00007ffcc4ac9000 	C:\pleiades\2024-03\java\21\bin\extnet.dll
0x00007ffcc5ec0000 - 0x00007ffcc5ece000 	C:\pleiades\2024-03\java\21\bin\sunmscapi.dll
0x00007ffccabd0000 - 0x00007ffccad2e000 	C:\WINDOWS\System32\CRYPT32.dll
0x00007ffcc9f30000 - 0x00007ffcc9f58000 	C:\WINDOWS\SYSTEM32\ncrypt.dll
0x00007ffcc9ef0000 - 0x00007ffcc9f2b000 	C:\WINDOWS\SYSTEM32\NTASN1.dll
0x00007ffc9e8e0000 - 0x00007ffc9e8e7000 	C:\WINDOWS\system32\wshunix.dll

dbghelp: loaded successfully - version: 4.0.5 - missing functions: none
symbol engine: initialized successfully - sym options: 0x614 - pdb path: .;C:\pleiades\2024-03\java\21\bin;C:\WINDOWS\SYSTEM32;C:\WINDOWS\WinSxS\amd64_microsoft.windows.common-controls_6595b64144ccf1df_6.0.19041.3636_none_60b6a03d71f818d5;C:\pleiades\2024-03\java\21\bin\server

VM Arguments:
jvm_args: -XX:+ShowCodeDetailsInExceptionMessages -agentlib:jdwp=transport=dt_socket,suspend=y,address=localhost:64904 -Dcom.sun.management.jmxremote -Dcom.sun.management.jmxremote.port=64903 -Dcom.sun.management.jmxremote.authenticate=false -Dcom.sun.management.jmxremote.ssl=false -Djava.rmi.server.hostname=localhost -Dspring.jmx.enabled=true -Dmanagement.endpoints.jmx.exposure.include=* -Dspring.application.admin.enabled=true -XX:TieredStopAtLevel=1 -Dspring.boot.project.name=SkyRealEstate -javaagent:C:\pleiades\2024-03\eclipse\configuration\org.eclipse.osgi\251\0\.cp\lib\javaagent-shaded.jar -Dfile.encoding=UTF-8 -Dstdout.encoding=UTF-8 -Dstderr.encoding=UTF-8 
java_command: com.eden.SkyRealEstateApplication --spring.output.ansi.enabled=always
java_class_path (initial): C:\pleiades\2024-03\0601\fudosanworkspace\SkyRealEstate\target\classes;C:\Users\jianb\.m2\repository\org\springframework\boot\spring-boot-starter-thymeleaf\3.2.5\spring-boot-starter-thymeleaf-3.2.5.jar;C:\Users\jianb\.m2\repository\org\thymeleaf\thymeleaf-spring6\3.1.2.RELEASE\thymeleaf-spring6-3.1.2.RELEASE.jar;C:\Users\jianb\.m2\repository\org\thymeleaf\thymeleaf\3.1.2.RELEASE\thymeleaf-3.1.2.RELEASE.jar;C:\Users\jianb\.m2\repository\org\attoparser\attoparser\2.0.7.RELEASE\attoparser-2.0.7.RELEASE.jar;C:\Users\jianb\.m2\repository\org\unbescape\unbescape\1.1.6.RELEASE\unbescape-1.1.6.RELEASE.jar;C:\Users\jianb\.m2\repository\org\slf4j\slf4j-api\2.0.13\slf4j-api-2.0.13.jar;C:\Users\jianb\.m2\repository\org\springframework\boot\spring-boot-starter-web\3.2.5\spring-boot-starter-web-3.2.5.jar;C:\Users\jianb\.m2\repository\org\springframework\boot\spring-boot-starter-json\3.2.5\spring-boot-starter-json-3.2.5.jar;C:\Users\jianb\.m2\repository\com\fasterxml\jackson\core\jackson-databind\2.15.4\jackson-databind-2.15.4.jar;C:\Users\jianb\.m2\repository\com\fasterxml\jackson\core\jackson-annotations\2.15.4\jackson-annotations-2.15.4.jar;C:\Users\jianb\.m2\repository\com\fasterxml\jackson\core\jackson-core\2.15.4\jackson-core-2.15.4.jar;C:\Users\jianb\.m2\repository\com\fasterxml\jackson\datatype\jackson-datatype-jdk8\2.15.4\jackson-datatype-jdk8-2.15.4.jar;C:\Users\jianb\.m2\repository\com\fasterxml\jackson\datatype\jackson-datatype-jsr310\2.15.4\jackson-datatype-jsr310-2.15.4.jar;C:\Users\jianb\.m2\repository\com\fasterxml\jackson\module\jackson-module-parameter-names\2.15.4\jackson-module-parameter-names-2.15.4.jar;C:\Users\jianb\.m2\repository\org\springframework\boot\spring-boot-starter-tomcat\3.2.5\spring-boot-starter-tomcat-3.2.5.jar;C:\Users\jianb\.m2\repository\org\apache\tomcat\embed\tomcat-embed-core\10.1.20\tomcat-embed-core-10.1.20.jar;C:\Users\jianb\.m2\repository\org\apache\tomcat\embed\tomcat-embed-el\10.1.20\tomcat-embed-el-10.1.20.jar;C:\Users\jianb\.m2\repository\org\apache\tomcat\embed\tomcat-embed-websocket\10.1.20\tomcat-embed-websocket-10.1.20.jar;C:\Users\jianb\.m2\repository\org\springframework\spring-web\6.1.6\spring-web-6.1.6.jar;C:\Users\jianb\.m2\repository\org\springframework\spring-beans\6.1.6\spring-beans-6.1.6.jar;C:\Users\jianb\.m2\repository\io\micrometer\micrometer-observation\1.12.5\micrometer-observation-1.12.5.jar;C:\Users\jianb\.m2\repository\io\micrometer\micrometer-commons\1.12.5\micrometer-commons-1.12.5.jar;C:\Users\jianb\.m2\repository\org\springframework\spring-webmvc\6.1.6\spring-webmvc-6.1.6.jar;C:\Users\jianb\.m2\repository\org\springframework\spring-context\6.1.6\spring-context-6.1.6.jar;C:\Users\jianb\.m2\repository\org\springframework\spring-expression\6.1.6\spring-expression-6.1.6.jar;C:\Users\jianb\.m2\repository\org\springframework\boot\spring-boot-starter-data-jpa\3.2.5\spring-boot-starter-data-jpa-3.2.5.jar;C:\Users\jianb\.m2\repository\org\springframework\boot\spring-boot-starter-jdbc\3.2.5\spring-boot-starter-jdbc-3.2.5.jar;C:\Users\jianb\.m2\repository\com\zaxxer\HikariCP\5.0.1\HikariCP-5.0.1.jar;C:\Users\jianb\.m2\repository\org\springframework\spring-jdbc\6.1.6\spring-jdbc-6.1.6.jar;C:\Users\jianb\.m2\repository\org\hibernate\orm\hibernate-core\6.4.4.Final\hibernate-core-6.4.4.Final.jar;C:\Users\jianb\.m2\repository\jakarta\persistence\jakarta.persistence-api\3.1.0\jakarta.persistence-api-3.1.0.jar;C:\Users\jianb\.m2\repository\jakarta\transaction\jakarta.transaction-api\2.0.1\jakarta.transaction-api-2.0.1.jar;C:\Users\jianb\.m2\repository\org\jboss\logging\jboss-logging\3.5.3.Final\jboss-logging-3.5.3.Final.jar;C:\Users\jianb\.m2\repository\org\hibernate\common\hibernate-commons-annotations\6.0.6.Final\hibernate-commons-annotations-6.0.6.Final.jar;C:\Users\jianb\.m2\repository\io\smallrye\jandex\3.1.2\jandex-3.1.2.jar;C:\Users\jianb\.m2\repository\com\fasterxml\classmate\1.6.0\classmate-1.6.0.jar;C:\Users\jianb\.m2\repository\net\bytebuddy\byte-buddy\1.14.13\byte-buddy-1.14.13.jar;C:\Users\jianb\.m2\repository\org\glassfish\jaxb\jaxb-runtime\4.0.5\jaxb-runtime-4.0.5.jar;C:\Users\jianb\.m2\repository\org\glassfish\jaxb\jaxb-core\4.0.5\jaxb-core-4.0.5.jar;C:\Users\jianb\.m2\repository\org\eclipse\angus\angus-activation\2.0.2\angus-activation-2.0.2.jar;C:\Users\jianb\.m2\repository\org\glassfish\jaxb\txw2\4.0.5\txw2-4.0.5.jar;C:\Users\jianb\.m2\repository\com\sun\istack\istack-commons-runtime\4.1.2\istack-commons-runtime-4.1.2.jar;C:\Users\jianb\.m2\repository\jakarta\inject\jakarta.inject-api\2.0.1\jakarta.inject-api-2.0.1.jar;C:\Users\jianb\.m2\repository\org\antlr\antlr4-runtime\4.13.0\antlr4-runtime-4.13.0.jar;C:\Users\jianb\.m2\repository\org\springframework\data\spring-data-jpa\3.2.5\spring-data-jpa-3.2.5.jar;C:\Users\jianb\.m2\repository\org\springframework\data\spring-data-commons\3.2.5\spring-data-commons-3.2.5.jar;C:\Users\jianb\.m2\repository\org\springframework\spring-orm\6.1.6\spring-orm-6.1.6.jar;C:\Users\jianb\.m2\repository\org\springframework\spring-tx\6.1.6\spring-tx-6.1.6.jar;C:\Users\jianb\.m2\repository\org\springframework\spring-aspects\6.1.6\spring-aspects-6.1.6.jar;C:\Users\jianb\.m2\repository\org\springframework\boot\spring-boot-starter-aop\3.2.5\spring-boot-starter-aop-3.2.5.jar;C:\Users\jianb\.m2\repository\org\springframework\spring-aop\6.1.6\spring-aop-6.1.6.jar;C:\Users\jianb\.m2\repository\org\aspectj\aspectjweaver\1.9.22\aspectjweaver-1.9.22.jar;C:\Users\jianb\.m2\repository\org\springframework\boot\spring-boot-starter\3.2.5\spring-boot-starter-3.2.5.jar;C:\Users\jianb\.m2\repository\org\springframework\boot\spring-boot\3.2.5\spring-boot-3.2.5.jar;C:\Users\jianb\.m2\repository\org\springframework\boot\spring-boot-autoconfigure\3.2.5\spring-boot-autoconfigure-3.2.5.jar;C:\Users\jianb\.m2\repository\org\springframework\boot\spring-boot-starter-logging\3.2.5\spring-boot-starter-logging-3.2.5.jar;C:\Users\jianb\.m2\repository\ch\qos\logback\logback-classic\1.4.14\logback-classic-1.4.14.jar;C:\Users\jianb\.m2\repository\ch\qos\logback\logback-core\1.4.14\logback-core-1.4.14.jar;C:\Users\jianb\.m2\repository\org\apache\logging\log4j\log4j-to-slf4j\2.21.1\log4j-to-slf4j-2.21.1.jar;C:\Users\jianb\.m2\repository\org\apache\logging\log4j\log4j-api\2.21.1\log4j-api-2.21.1.jar;C:\Users\jianb\.m2\repository\org\slf4j\jul-to-slf4j\2.0.13\jul-to-slf4j-2.0.13.jar;C:\Users\jianb\.m2\repository\jakarta\annotation\jakarta.annotation-api\2.1.1\jakarta.annotation-api-2.1.1.jar;C:\Users\jianb\.m2\repository\org\springframework\spring-core\6.1.6\spring-core-6.1.6.jar;C:\Users\jianb\.m2\repository\org\springframework\spring-jcl\6.1.6\spring-jcl-6.1.6.jar;C:\Users\jianb\.m2\repository\org\yaml\snakeyaml\2.2\snakeyaml-2.2.jar;C:\Users\jianb\.m2\repository\org\mybatis\spring\boot\mybatis-spring-boot-starter\3.0.3\mybatis-spring-boot-starter-3.0.3.jar;C:\Users\jianb\.m2\repository\org\mybatis\spring\boot\mybatis-spring-boot-autoconfigure\3.0.3\mybatis-spring-boot-autoconfigure-3.0.3.jar;C:\Users\jianb\.m2\repository\org\mybatis\mybatis\3.5.14\mybatis-3.5.14.jar;C:\Users\jianb\.m2\repository\org\mybatis\mybatis-spring\3.0.3\mybatis-spring-3.0.3.jar;C:\Users\jianb\.m2\repository\org\springframework\boot\spring-boot-devtools\3.2.5\spring-boot-devtools-3.2.5.jar;C:\Users\jianb\.m2\repository\com\mysql\mysql-connector-j\8.3.0\mysql-connector-j-8.3.0.jar;C:\Users\jianb\.m2\repository\org\projectlombok\lombok\1.18.32\lombok-1.18.32.jar;C:\Users\jianb\.m2\repository\jakarta\xml\bind\jakarta.xml.bind-api\4.0.2\jakarta.xml.bind-api-4.0.2.jar;C:\Users\jianb\.m2\repository\jakarta\activation\jakarta.activation-api\2.1.3\jakarta.activation-api-2.1.3.jar
Launcher Type: SUN_STANDARD

[Global flags]
     intx CICompilerCount                          = 4                                         {product} {ergonomic}
     uint ConcGCThreads                            = 3                                         {product} {ergonomic}
     uint G1ConcRefinementThreads                  = 10                                        {product} {ergonomic}
   size_t G1HeapRegionSize                         = 8388608                                   {product} {ergonomic}
    uintx GCDrainStackTargetSize                   = 64                                        {product} {ergonomic}
   size_t InitialHeapSize                          = 1073741824                                {product} {ergonomic}
     bool ManagementServer                         = true                                      {product} {command line}
   size_t MarkStackSize                            = 4194304                                   {product} {ergonomic}
   size_t MaxHeapSize                              = 17163091968                               {product} {ergonomic}
   size_t MaxNewSize                               = 10292822016                               {product} {ergonomic}
   size_t MinHeapDeltaBytes                        = 8388608                                   {product} {ergonomic}
   size_t MinHeapSize                              = 8388608                                   {product} {ergonomic}
    uintx NonNMethodCodeHeapSize                   = 4096                                   {pd product} {ergonomic}
    uintx NonProfiledCodeHeapSize                  = 0                                      {pd product} {ergonomic}
     bool ProfileInterpreter                       = false                                  {pd product} {command line}
    uintx ProfiledCodeHeapSize                     = 0                                      {pd product} {ergonomic}
     bool ShowCodeDetailsInExceptionMessages       = true                                   {manageable} {command line}
   size_t SoftMaxHeapSize                          = 17163091968                            {manageable} {ergonomic}
     intx TieredStopAtLevel                        = 1                                         {product} {command line}
     bool UseCompressedOops                        = true                           {product lp64_product} {ergonomic}
     bool UseG1GC                                  = true                                      {product} {ergonomic}
     bool UseLargePagesIndividualAllocation        = false                                  {pd product} {ergonomic}

Logging:
Log output configuration:
 #0: stdout all=warning uptime,level,tags foldmultilines=false
 #1: stderr all=off uptime,level,tags foldmultilines=false

Environment Variables:
PATH=C:/pleiades/2024-03/java/21/bin/server;C:/pleiades/2024-03/java/21/bin;C:\Program Files (x86)\NVIDIA Corporation\PhysX\Common;C:\WINDOWS\system32;C:\WINDOWS;C:\WINDOWS\System32\Wbem;C:\WINDOWS\System32\WindowsPowerShell\v1.0\;C:\WINDOWS\System32\OpenSSH\;C:\Program Files\dotnet\;C:\Program Files\Microsoft SQL Server\120\Tools\Binn\;C:\Program Files\Common Files\Autodesk Shared\;C:\Users\jianb\AppData\Local\Microsoft\WindowsApps;C:\Users\jianb\AppData\Local\Programs\Microsoft VS Code\bin;C:\Users\jianb\.dotnet\tools;C:\pleiades\2024-03\eclipse;
USERNAME=jianb
OS=Windows_NT
PROCESSOR_IDENTIFIER=AMD64 Family 25 Model 33 Stepping 0, AuthenticAMD
TMP=C:\Users\jianb\AppData\Local\Temp
TEMP=C:\Users\jianb\AppData\Local\Temp




Periodic native trim disabled

---------------  S Y S T E M  ---------------

OS:
 Windows 10 , 64 bit Build 19041 (10.0.19041.3636)
OS uptime: 6 days 17:09 hours

CPU: total 12 (initial active 12) (12 cores per cpu, 2 threads per core) family 25 model 33 stepping 0 microcode 0x0, cx8, cmov, fxsr, ht, mmx, 3dnowpref, sse, sse2, sse3, ssse3, sse4a, sse4.1, sse4.2, popcnt, lzcnt, tsc, tscinvbit, avx, avx2, aes, erms, clmul, bmi1, bmi2, adx, sha, fma, vzeroupper, clflush, clflushopt, rdtscp, rdpid, fsrm, f16c, pku, cet_ss
Processor Information for all 12 processors :
  Max Mhz: 4200, Current Mhz: 4200, Mhz Limit: 4200

Memory: 4k page, system-wide physical 65448M (49909M free)
TotalPageFile size 69544M (AvailPageFile size 47793M)
current process WorkingSet (physical memory assigned to process): 302M, peak: 612M
current process commit charge ("private bytes"): 345M, peak: 1167M

vm_info: OpenJDK 64-Bit Server VM (21.0.2+13-LTS) for windows-amd64 JRE (21.0.2+13-LTS), built on 2024-01-16T00:00:00Z by "admin" with unknown MS VC++:1937

END.
